[I 250221 10:15:40 webSocketTest:97] WebSocket Opened
[E 250221 10:15:50 webSocketTest:102] Connection closed
[W 250221 10:15:50 smartWebSocketV2:342] Connection closed due to max retry attempts reached.
[I 250221 10:16:02 optionchain:151]  WebSocket Opened. Subscribing to tokens...
[I 250221 10:16:02 optionchain:152]  Subscribing to Tokens: [{'exchangeType': 2, 'tokens': ['54582', '54583']}]
[I 250221 10:16:02 optionchain:154] subscription complete
[I 250221 10:16:02 optionchain:148] Live Data: {'subscription_mode': 1, 'exchange_type': 2, 'token': '54583', 'sequence_number': 11769538, 'exchange_timestamp': 1740113161000, 'last_traded_price': 14035, 'subscription_mode_val': 'LTP'}
[I 250221 10:16:02 optionchain:148] Live Data: {'subscription_mode': 1, 'exchange_type': 2, 'token': '54582', 'sequence_number': 10668459, 'exchange_timestamp': 1740112830000, 'last_traded_price': 0, 'subscription_mode_val': 'LTP'}
[I 250221 10:16:03 optionchain:148] Live Data: {'subscription_mode': 1, 'exchange_type': 2, 'token': '54583', 'sequence_number': 11775611, 'exchange_timestamp': 1740113163000, 'last_traded_price': 14035, 'subscription_mode_val': 'LTP'}
[I 250221 10:16:05 optionchain:148] Live Data: {'subscription_mode': 1, 'exchange_type': 2, 'token': '54583', 'sequence_number': 11782412, 'exchange_timestamp': 1740113164000, 'last_traded_price': 14035, 'subscription_mode_val': 'LTP'}
[I 250221 10:16:06 optionchain:148] Live Data: {'subscription_mode': 1, 'exchange_type': 2, 'token': '54583', 'sequence_number': 11788008, 'exchange_timestamp': 1740113166000, 'last_traded_price': 14035, 'subscription_mode_val': 'LTP'}
[I 250221 10:16:08 optionchain:148] Live Data: {'subscription_mode': 1, 'exchange_type': 2, 'token': '54583', 'sequence_number': 11793808, 'exchange_timestamp': 1740113168000, 'last_traded_price': 14035, 'subscription_mode_val': 'LTP'}
[I 250221 10:16:10 optionchain:148] Live Data: {'subscription_mode': 1, 'exchange_type': 2, 'token': '54583', 'sequence_number': 11798911, 'exchange_timestamp': 1740113169000, 'last_traded_price': 14035, 'subscription_mode_val': 'LTP'}
[I 250221 10:16:11 optionchain:148] Live Data: {'subscription_mode': 1, 'exchange_type': 2, 'token': '54583', 'sequence_number': 11804820, 'exchange_timestamp': 1740113171000, 'last_traded_price': 14035, 'subscription_mode_val': 'LTP'}
[I 250221 10:16:13 optionchain:148] Live Data: {'subscription_mode': 1, 'exchange_type': 2, 'token': '54583', 'sequence_number': 11810055, 'exchange_timestamp': 1740113173000, 'last_traded_price': 14035, 'subscription_mode_val': 'LTP'}
[I 250221 10:16:15 optionchain:148] Live Data: {'subscription_mode': 1, 'exchange_type': 2, 'token': '54583', 'sequence_number': 11815285, 'exchange_timestamp': 1740113174000, 'last_traded_price': 14035, 'subscription_mode_val': 'LTP'}
[I 250221 10:16:16 optionchain:148] Live Data: {'subscription_mode': 1, 'exchange_type': 2, 'token': '54583', 'sequence_number': 11821056, 'exchange_timestamp': 1740113176000, 'last_traded_price': 14035, 'subscription_mode_val': 'LTP'}
[I 250221 10:16:20 optionchain:148] Live Data: {'subscription_mode': 1, 'exchange_type': 2, 'token': '54583', 'sequence_number': 11831197, 'exchange_timestamp': 1740113179000, 'last_traded_price': 14035, 'subscription_mode_val': 'LTP'}
[I 250221 10:16:21 optionchain:148] Live Data: {'subscription_mode': 1, 'exchange_type': 2, 'token': '54583', 'sequence_number': 11836214, 'exchange_timestamp': 1740113181000, 'last_traded_price': 14035, 'subscription_mode_val': 'LTP'}
[I 250221 10:16:23 optionchain:148] Live Data: {'subscription_mode': 1, 'exchange_type': 2, 'token': '54583', 'sequence_number': 11841232, 'exchange_timestamp': 1740113182000, 'last_traded_price': 14035, 'subscription_mode_val': 'LTP'}
[I 250221 10:16:24 optionchain:148] Live Data: {'subscription_mode': 1, 'exchange_type': 2, 'token': '54583', 'sequence_number': 11846220, 'exchange_timestamp': 1740113184000, 'last_traded_price': 14035, 'subscription_mode_val': 'LTP'}
[I 250221 10:16:26 optionchain:148] Live Data: {'subscription_mode': 1, 'exchange_type': 2, 'token': '54583', 'sequence_number': 11851316, 'exchange_timestamp': 1740113186000, 'last_traded_price': 14035, 'subscription_mode_val': 'LTP'}
[I 250221 10:16:28 optionchain:148] Live Data: {'subscription_mode': 1, 'exchange_type': 2, 'token': '54583', 'sequence_number': 11857522, 'exchange_timestamp': 1740113187000, 'last_traded_price': 14035, 'subscription_mode_val': 'LTP'}
[I 250221 10:16:29 optionchain:148] Live Data: {'subscription_mode': 1, 'exchange_type': 2, 'token': '54583', 'sequence_number': 11862762, 'exchange_timestamp': 1740113189000, 'last_traded_price': 14035, 'subscription_mode_val': 'LTP'}
[I 250221 10:16:31 optionchain:148] Live Data: {'subscription_mode': 1, 'exchange_type': 2, 'token': '54583', 'sequence_number': 11870045, 'exchange_timestamp': 1740113191000, 'last_traded_price': 14035, 'subscription_mode_val': 'LTP'}
[I 250221 10:16:33 optionchain:148] Live Data: {'subscription_mode': 1, 'exchange_type': 2, 'token': '54583', 'sequence_number': 11875931, 'exchange_timestamp': 1740113192000, 'last_traded_price': 14035, 'subscription_mode_val': 'LTP'}
[I 250221 10:16:34 optionchain:148] Live Data: {'subscription_mode': 1, 'exchange_type': 2, 'token': '54583', 'sequence_number': 11881651, 'exchange_timestamp': 1740113194000, 'last_traded_price': 14035, 'subscription_mode_val': 'LTP'}
[I 250221 10:16:36 optionchain:148] Live Data: {'subscription_mode': 1, 'exchange_type': 2, 'token': '54583', 'sequence_number': 11887463, 'exchange_timestamp': 1740113195000, 'last_traded_price': 14035, 'subscription_mode_val': 'LTP'}
[I 250221 10:18:00 optionchain:151]  WebSocket Opened. Subscribing to tokens...
[I 250221 10:18:00 optionchain:152]  Subscribing to Tokens: [{'exchangeType': 2, 'tokens': ['54582', '54583']}]
[I 250221 10:18:00 optionchain:154] subscription complete
[I 250221 10:18:00 optionchain:148] Live Data: {'subscription_mode': 1, 'exchange_type': 2, 'token': '54583', 'sequence_number': 11887463, 'exchange_timestamp': 1740113195000, 'last_traded_price': 14035, 'subscription_mode_val': 'LTP'}
[I 250221 10:18:00 optionchain:148] Live Data: {'subscription_mode': 1, 'exchange_type': 2, 'token': '54582', 'sequence_number': 10668459, 'exchange_timestamp': 1740112830000, 'last_traded_price': 0, 'subscription_mode_val': 'LTP'}
[I 250221 10:20:46 optionchain:151]  WebSocket Opened. Subscribing to tokens...
[I 250221 10:20:46 optionchain:152]  Subscribing to Tokens: [{'exchangeType': 2, 'tokens': ['54574', '54575']}]
[I 250221 10:20:46 optionchain:154] subscription complete
[I 250221 10:20:46 optionchain:148] Live Data: {'subscription_mode': 1, 'exchange_type': 2, 'token': '54574', 'sequence_number': 12668489, 'exchange_timestamp': 1740113442000, 'last_traded_price': 0, 'subscription_mode_val': 'LTP'}
[I 250221 10:20:46 optionchain:148] Live Data: {'subscription_mode': 1, 'exchange_type': 2, 'token': '54575', 'sequence_number': 12669072, 'exchange_timestamp': 1740113443000, 'last_traded_price': 10265, 'subscription_mode_val': 'LTP'}
[I 250221 10:22:58 optionchain:150]  WebSocket Opened. Subscribing to tokens...
[I 250221 10:22:58 optionchain:151]  Subscribing to Tokens: [{'exchangeType': 2, 'tokens': ['54594', '54595']}]
[I 250221 10:22:58 optionchain:153] subscription complete
[I 250221 10:22:58 optionchain:147] Live Data: {'subscription_mode': 1, 'exchange_type': 2, 'token': '54595', 'sequence_number': 12681574, 'exchange_timestamp': 1740113447000, 'last_traded_price': 21515, 'subscription_mode_val': 'LTP'}
[I 250221 10:22:58 optionchain:147] Live Data: {'subscription_mode': 1, 'exchange_type': 2, 'token': '54594', 'sequence_number': 12680925, 'exchange_timestamp': 1740113446000, 'last_traded_price': 58725, 'subscription_mode_val': 'LTP'}
[I 250221 10:25:30 optionchain:147] Live Data: {'subscription_mode': 1, 'exchange_type': 2, 'token': '54594', 'sequence_number': 13533182, 'exchange_timestamp': 1740113730000, 'last_traded_price': 58725, 'subscription_mode_val': 'LTP'}
[I 250221 10:25:30 optionchain:147] Live Data: {'subscription_mode': 1, 'exchange_type': 2, 'token': '54595', 'sequence_number': 13533183, 'exchange_timestamp': 1740113730000, 'last_traded_price': 21515, 'subscription_mode_val': 'LTP'}
[I 250221 10:27:04 optionchain:152]  WebSocket Opened. Subscribing to tokens...
[I 250221 10:27:04 optionchain:153]  Subscribing to Tokens: [{'exchangeType': 2, 'tokens': ['54594', '54595']}]
[I 250221 10:27:04 optionchain:155] subscription complete
[I 250221 10:27:04 optionchain:149] Live Data: {'subscription_mode': 1, 'exchange_type': 2, 'token': '54595', 'sequence_number': 13533183, 'exchange_timestamp': 1740113730000, 'last_traded_price': 21515, 'subscription_mode_val': 'LTP'}
[I 250221 10:27:04 optionchain:149] Live Data: {'subscription_mode': 1, 'exchange_type': 2, 'token': '54594', 'sequence_number': 13533182, 'exchange_timestamp': 1740113730000, 'last_traded_price': 58725, 'subscription_mode_val': 'LTP'}
[W 250221 10:29:23 smartWebSocketV2:318] Attempting to resubscribe/reconnect (Attempt 1)...
[I 250221 10:29:33 optionchain:152]  WebSocket Opened. Subscribing to tokens...
[I 250221 10:29:33 optionchain:153]  Subscribing to Tokens: [{'exchangeType': 2, 'tokens': ['54594', '54595']}]
[I 250221 10:29:33 optionchain:155] subscription complete
[I 250221 10:29:33 optionchain:149] Live Data: {'subscription_mode': 1, 'exchange_type': 2, 'token': '54595', 'sequence_number': 13533183, 'exchange_timestamp': 1740113730000, 'last_traded_price': 21515, 'subscription_mode_val': 'LTP'}
[I 250221 10:29:33 optionchain:149] Live Data: {'subscription_mode': 1, 'exchange_type': 2, 'token': '54594', 'sequence_number': 13533182, 'exchange_timestamp': 1740113730000, 'last_traded_price': 58725, 'subscription_mode_val': 'LTP'}
[I 250221 10:35:09 optionchain:136] WebSocket Opened. Subscribing to tokens...
[I 250221 10:35:09 optionchain:138] Subscription complete
[I 250221 10:35:09 optionchain:133] Live Data: {'subscription_mode': 1, 'exchange_type': 2, 'token': '54595', 'sequence_number': 15184868, 'exchange_timestamp': 1740114280000, 'last_traded_price': 21515, 'subscription_mode_val': 'LTP'}
[I 250221 10:35:09 optionchain:133] Live Data: {'subscription_mode': 1, 'exchange_type': 2, 'token': '54594', 'sequence_number': 15184325, 'exchange_timestamp': 1740114280000, 'last_traded_price': 58725, 'subscription_mode_val': 'LTP'}
[I 250221 10:37:03 optionchain:136] WebSocket Opened. Subscribing to tokens...
[I 250221 10:37:03 optionchain:138] Subscription complete
[I 250221 10:37:03 optionchain:133] Live Data: {'subscription_mode': 1, 'exchange_type': 2, 'token': '54595', 'sequence_number': 15586833, 'exchange_timestamp': 1740114417000, 'last_traded_price': 21515, 'subscription_mode_val': 'LTP'}
[I 250221 10:37:03 optionchain:133] Live Data: {'subscription_mode': 1, 'exchange_type': 2, 'token': '54594', 'sequence_number': 15184325, 'exchange_timestamp': 1740114280000, 'last_traded_price': 58725, 'subscription_mode_val': 'LTP'}
[I 250221 10:37:05 optionchain:133] Live Data: {'subscription_mode': 1, 'exchange_type': 2, 'token': '54595', 'sequence_number': 15609640, 'exchange_timestamp': 1740114425000, 'last_traded_price': 21515, 'subscription_mode_val': 'LTP'}
[I 250221 10:37:11 optionchain:133] Live Data: {'subscription_mode': 1, 'exchange_type': 2, 'token': '54595', 'sequence_number': 15628266, 'exchange_timestamp': 1740114431000, 'last_traded_price': 21515, 'subscription_mode_val': 'LTP'}
[I 250221 10:37:19 optionchain:133] Live Data: {'subscription_mode': 1, 'exchange_type': 2, 'token': '54595', 'sequence_number': 15648131, 'exchange_timestamp': 1740114438000, 'last_traded_price': 21515, 'subscription_mode_val': 'LTP'}
[I 250221 10:37:25 optionchain:133] Live Data: {'subscription_mode': 1, 'exchange_type': 2, 'token': '54595', 'sequence_number': 15666865, 'exchange_timestamp': 1740114445000, 'last_traded_price': 21515, 'subscription_mode_val': 'LTP'}
[I 250221 10:37:32 optionchain:133] Live Data: {'subscription_mode': 1, 'exchange_type': 2, 'token': '54595', 'sequence_number': 15687530, 'exchange_timestamp': 1740114452000, 'last_traded_price': 21515, 'subscription_mode_val': 'LTP'}
[I 250221 10:37:38 optionchain:133] Live Data: {'subscription_mode': 1, 'exchange_type': 2, 'token': '54595', 'sequence_number': 15706313, 'exchange_timestamp': 1740114458000, 'last_traded_price': 21515, 'subscription_mode_val': 'LTP'}
[I 250221 10:37:44 optionchain:133] Live Data: {'subscription_mode': 1, 'exchange_type': 2, 'token': '54595', 'sequence_number': 15724138, 'exchange_timestamp': 1740114464000, 'last_traded_price': 21515, 'subscription_mode_val': 'LTP'}
[I 250221 10:37:51 optionchain:133] Live Data: {'subscription_mode': 1, 'exchange_type': 2, 'token': '54595', 'sequence_number': 15743350, 'exchange_timestamp': 1740114471000, 'last_traded_price': 21515, 'subscription_mode_val': 'LTP'}
[I 250221 10:38:09 optionchain:136] WebSocket Opened. Subscribing to tokens...
[I 250221 10:38:09 optionchain:138] Subscription complete
[I 250221 10:38:09 optionchain:133] Live Data: {'subscription_mode': 1, 'exchange_type': 2, 'token': '54595', 'sequence_number': 15786838, 'exchange_timestamp': 1740114485000, 'last_traded_price': 21515, 'subscription_mode_val': 'LTP'}
[I 250221 10:38:09 optionchain:133] Live Data: {'subscription_mode': 1, 'exchange_type': 2, 'token': '54594', 'sequence_number': 15184325, 'exchange_timestamp': 1740114280000, 'last_traded_price': 58725, 'subscription_mode_val': 'LTP'}
[I 250221 10:38:12 optionchain:133] Live Data: {'subscription_mode': 1, 'exchange_type': 2, 'token': '54595', 'sequence_number': 15805397, 'exchange_timestamp': 1740114492000, 'last_traded_price': 21515, 'subscription_mode_val': 'LTP'}
[I 250221 10:38:19 optionchain:133] Live Data: {'subscription_mode': 1, 'exchange_type': 2, 'token': '54595', 'sequence_number': 15823983, 'exchange_timestamp': 1740114499000, 'last_traded_price': 21515, 'subscription_mode_val': 'LTP'}
[I 250221 10:38:26 optionchain:133] Live Data: {'subscription_mode': 1, 'exchange_type': 2, 'token': '54595', 'sequence_number': 15843490, 'exchange_timestamp': 1740114505000, 'last_traded_price': 21515, 'subscription_mode_val': 'LTP'}
[I 250221 10:38:32 optionchain:133] Live Data: {'subscription_mode': 1, 'exchange_type': 2, 'token': '54595', 'sequence_number': 15863600, 'exchange_timestamp': 1740114512000, 'last_traded_price': 21515, 'subscription_mode_val': 'LTP'}
[I 250221 10:38:38 optionchain:133] Live Data: {'subscription_mode': 1, 'exchange_type': 2, 'token': '54595', 'sequence_number': 15881947, 'exchange_timestamp': 1740114518000, 'last_traded_price': 21515, 'subscription_mode_val': 'LTP'}
[I 250221 10:38:44 optionchain:133] Live Data: {'subscription_mode': 1, 'exchange_type': 2, 'token': '54595', 'sequence_number': 15899403, 'exchange_timestamp': 1740114524000, 'last_traded_price': 21515, 'subscription_mode_val': 'LTP'}
[I 250221 10:38:51 optionchain:133] Live Data: {'subscription_mode': 1, 'exchange_type': 2, 'token': '54595', 'sequence_number': 15918920, 'exchange_timestamp': 1740114530000, 'last_traded_price': 21515, 'subscription_mode_val': 'LTP'}
[I 250221 10:38:57 optionchain:133] Live Data: {'subscription_mode': 1, 'exchange_type': 2, 'token': '54595', 'sequence_number': 15936594, 'exchange_timestamp': 1740114537000, 'last_traded_price': 21515, 'subscription_mode_val': 'LTP'}
[I 250221 10:39:03 optionchain:133] Live Data: {'subscription_mode': 1, 'exchange_type': 2, 'token': '54595', 'sequence_number': 15955595, 'exchange_timestamp': 1740114543000, 'last_traded_price': 21515, 'subscription_mode_val': 'LTP'}
[I 250221 10:39:09 optionchain:133] Live Data: {'subscription_mode': 1, 'exchange_type': 2, 'token': '54595', 'sequence_number': 15972898, 'exchange_timestamp': 1740114549000, 'last_traded_price': 21515, 'subscription_mode_val': 'LTP'}
[I 250221 10:39:15 optionchain:133] Live Data: {'subscription_mode': 1, 'exchange_type': 2, 'token': '54595', 'sequence_number': 15989929, 'exchange_timestamp': 1740114555000, 'last_traded_price': 21515, 'subscription_mode_val': 'LTP'}
[I 250221 10:39:21 optionchain:133] Live Data: {'subscription_mode': 1, 'exchange_type': 2, 'token': '54595', 'sequence_number': 16005601, 'exchange_timestamp': 1740114561000, 'last_traded_price': 21515, 'subscription_mode_val': 'LTP'}
[I 250221 10:39:27 optionchain:133] Live Data: {'subscription_mode': 1, 'exchange_type': 2, 'token': '54595', 'sequence_number': 16021953, 'exchange_timestamp': 1740114567000, 'last_traded_price': 21515, 'subscription_mode_val': 'LTP'}
[I 250221 10:39:33 optionchain:133] Live Data: {'subscription_mode': 1, 'exchange_type': 2, 'token': '54595', 'sequence_number': 16039207, 'exchange_timestamp': 1740114573000, 'last_traded_price': 21515, 'subscription_mode_val': 'LTP'}
[I 250221 10:39:39 optionchain:133] Live Data: {'subscription_mode': 1, 'exchange_type': 2, 'token': '54595', 'sequence_number': 16056005, 'exchange_timestamp': 1740114578000, 'last_traded_price': 21515, 'subscription_mode_val': 'LTP'}
[I 250221 10:39:45 optionchain:133] Live Data: {'subscription_mode': 1, 'exchange_type': 2, 'token': '54595', 'sequence_number': 16072542, 'exchange_timestamp': 1740114584000, 'last_traded_price': 21515, 'subscription_mode_val': 'LTP'}
[I 250221 10:39:50 optionchain:133] Live Data: {'subscription_mode': 1, 'exchange_type': 2, 'token': '54595', 'sequence_number': 16088130, 'exchange_timestamp': 1740114590000, 'last_traded_price': 21515, 'subscription_mode_val': 'LTP'}
[I 250221 10:39:56 optionchain:133] Live Data: {'subscription_mode': 1, 'exchange_type': 2, 'token': '54595', 'sequence_number': 16104482, 'exchange_timestamp': 1740114596000, 'last_traded_price': 21515, 'subscription_mode_val': 'LTP'}
[I 250221 10:40:02 optionchain:133] Live Data: {'subscription_mode': 1, 'exchange_type': 2, 'token': '54595', 'sequence_number': 16123390, 'exchange_timestamp': 1740114602000, 'last_traded_price': 21515, 'subscription_mode_val': 'LTP'}
[I 250221 10:40:08 optionchain:133] Live Data: {'subscription_mode': 1, 'exchange_type': 2, 'token': '54595', 'sequence_number': 16139145, 'exchange_timestamp': 1740114608000, 'last_traded_price': 21515, 'subscription_mode_val': 'LTP'}
[I 250221 10:40:14 optionchain:133] Live Data: {'subscription_mode': 1, 'exchange_type': 2, 'token': '54595', 'sequence_number': 16157382, 'exchange_timestamp': 1740114614000, 'last_traded_price': 21515, 'subscription_mode_val': 'LTP'}
[I 250221 10:40:20 optionchain:133] Live Data: {'subscription_mode': 1, 'exchange_type': 2, 'token': '54595', 'sequence_number': 16174872, 'exchange_timestamp': 1740114620000, 'last_traded_price': 21515, 'subscription_mode_val': 'LTP'}
[I 250221 10:40:26 optionchain:133] Live Data: {'subscription_mode': 1, 'exchange_type': 2, 'token': '54595', 'sequence_number': 16190208, 'exchange_timestamp': 1740114625000, 'last_traded_price': 21515, 'subscription_mode_val': 'LTP'}
[I 250221 10:40:30 optionchain:133] Live Data: {'subscription_mode': 1, 'exchange_type': 2, 'token': '54594', 'sequence_number': 16203533, 'exchange_timestamp': 1740114630000, 'last_traded_price': 58725, 'subscription_mode_val': 'LTP'}
[I 250221 10:40:30 optionchain:133] Live Data: {'subscription_mode': 1, 'exchange_type': 2, 'token': '54595', 'sequence_number': 16203534, 'exchange_timestamp': 1740114630000, 'last_traded_price': 21515, 'subscription_mode_val': 'LTP'}
[I 250221 10:40:32 optionchain:133] Live Data: {'subscription_mode': 1, 'exchange_type': 2, 'token': '54595', 'sequence_number': 16215041, 'exchange_timestamp': 1740114631000, 'last_traded_price': 21515, 'subscription_mode_val': 'LTP'}
[I 250221 10:40:38 optionchain:133] Live Data: {'subscription_mode': 1, 'exchange_type': 2, 'token': '54595', 'sequence_number': 16247751, 'exchange_timestamp': 1740114637000, 'last_traded_price': 21515, 'subscription_mode_val': 'LTP'}
[I 250221 10:40:44 optionchain:133] Live Data: {'subscription_mode': 1, 'exchange_type': 2, 'token': '54595', 'sequence_number': 16263695, 'exchange_timestamp': 1740114643000, 'last_traded_price': 21515, 'subscription_mode_val': 'LTP'}
[I 250221 10:40:49 optionchain:133] Live Data: {'subscription_mode': 1, 'exchange_type': 2, 'token': '54595', 'sequence_number': 16279662, 'exchange_timestamp': 1740114649000, 'last_traded_price': 21515, 'subscription_mode_val': 'LTP'}
[I 250221 10:40:55 optionchain:133] Live Data: {'subscription_mode': 1, 'exchange_type': 2, 'token': '54595', 'sequence_number': 16296054, 'exchange_timestamp': 1740114655000, 'last_traded_price': 21515, 'subscription_mode_val': 'LTP'}
[I 250221 10:41:01 optionchain:133] Live Data: {'subscription_mode': 1, 'exchange_type': 2, 'token': '54595', 'sequence_number': 16315821, 'exchange_timestamp': 1740114661000, 'last_traded_price': 21515, 'subscription_mode_val': 'LTP'}
[I 250221 10:41:07 optionchain:133] Live Data: {'subscription_mode': 1, 'exchange_type': 2, 'token': '54595', 'sequence_number': 16334611, 'exchange_timestamp': 1740114667000, 'last_traded_price': 21515, 'subscription_mode_val': 'LTP'}
[I 250221 10:41:13 optionchain:133] Live Data: {'subscription_mode': 1, 'exchange_type': 2, 'token': '54595', 'sequence_number': 16351212, 'exchange_timestamp': 1740114673000, 'last_traded_price': 21515, 'subscription_mode_val': 'LTP'}
[I 250221 10:41:19 optionchain:133] Live Data: {'subscription_mode': 1, 'exchange_type': 2, 'token': '54595', 'sequence_number': 16368690, 'exchange_timestamp': 1740114679000, 'last_traded_price': 21515, 'subscription_mode_val': 'LTP'}
[I 250221 10:41:25 optionchain:133] Live Data: {'subscription_mode': 1, 'exchange_type': 2, 'token': '54595', 'sequence_number': 16385360, 'exchange_timestamp': 1740114685000, 'last_traded_price': 21515, 'subscription_mode_val': 'LTP'}
[I 250221 10:41:32 optionchain:133] Live Data: {'subscription_mode': 1, 'exchange_type': 2, 'token': '54595', 'sequence_number': 16403582, 'exchange_timestamp': 1740114691000, 'last_traded_price': 21515, 'subscription_mode_val': 'LTP'}
[I 250221 10:41:38 optionchain:133] Live Data: {'subscription_mode': 1, 'exchange_type': 2, 'token': '54595', 'sequence_number': 16420977, 'exchange_timestamp': 1740114697000, 'last_traded_price': 21515, 'subscription_mode_val': 'LTP'}
[I 250221 10:41:43 optionchain:133] Live Data: {'subscription_mode': 1, 'exchange_type': 2, 'token': '54595', 'sequence_number': 16435380, 'exchange_timestamp': 1740114703000, 'last_traded_price': 21515, 'subscription_mode_val': 'LTP'}
[I 250221 10:41:49 optionchain:133] Live Data: {'subscription_mode': 1, 'exchange_type': 2, 'token': '54595', 'sequence_number': 16451646, 'exchange_timestamp': 1740114709000, 'last_traded_price': 21515, 'subscription_mode_val': 'LTP'}
[I 250221 10:41:55 optionchain:133] Live Data: {'subscription_mode': 1, 'exchange_type': 2, 'token': '54595', 'sequence_number': 16465946, 'exchange_timestamp': 1740114714000, 'last_traded_price': 21515, 'subscription_mode_val': 'LTP'}
[W 250221 10:41:59 smartWebSocketV2:318] Attempting to resubscribe/reconnect (Attempt 1)...
[I 250221 10:42:10 optionchain:136] WebSocket Opened. Subscribing to tokens...
[I 250221 10:42:10 optionchain:138] Subscription complete
[I 250221 10:42:10 optionchain:133] Live Data: {'subscription_mode': 1, 'exchange_type': 2, 'token': '54595', 'sequence_number': 16497093, 'exchange_timestamp': 1740114725000, 'last_traded_price': 21515, 'subscription_mode_val': 'LTP'}
[I 250221 10:42:10 optionchain:133] Live Data: {'subscription_mode': 1, 'exchange_type': 2, 'token': '54594', 'sequence_number': 16203533, 'exchange_timestamp': 1740114630000, 'last_traded_price': 58725, 'subscription_mode_val': 'LTP'}
[I 250221 10:42:11 optionchain:133] Live Data: {'subscription_mode': 1, 'exchange_type': 2, 'token': '54595', 'sequence_number': 16514412, 'exchange_timestamp': 1740114731000, 'last_traded_price': 21515, 'subscription_mode_val': 'LTP'}
[I 250221 10:42:17 optionchain:133] Live Data: {'subscription_mode': 1, 'exchange_type': 2, 'token': '54595', 'sequence_number': 16530424, 'exchange_timestamp': 1740114736000, 'last_traded_price': 21515, 'subscription_mode_val': 'LTP'}
[I 250221 10:42:22 optionchain:133] Live Data: {'subscription_mode': 1, 'exchange_type': 2, 'token': '54595', 'sequence_number': 16545091, 'exchange_timestamp': 1740114742000, 'last_traded_price': 21515, 'subscription_mode_val': 'LTP'}
[I 250221 10:42:38 optionchain:136] WebSocket Opened. Subscribing to tokens...
[I 250221 10:42:38 optionchain:138] Subscription complete
[I 250221 10:42:38 optionchain:133] Live Data: {'subscription_mode': 1, 'exchange_type': 2, 'token': '54595', 'sequence_number': 16577242, 'exchange_timestamp': 1740114753000, 'last_traded_price': 21515, 'subscription_mode_val': 'LTP'}
[I 250221 10:42:38 optionchain:133] Live Data: {'subscription_mode': 1, 'exchange_type': 2, 'token': '54594', 'sequence_number': 16203533, 'exchange_timestamp': 1740114630000, 'last_traded_price': 58725, 'subscription_mode_val': 'LTP'}
[I 250221 10:42:39 optionchain:133] Live Data: {'subscription_mode': 1, 'exchange_type': 2, 'token': '54595', 'sequence_number': 16593373, 'exchange_timestamp': 1740114759000, 'last_traded_price': 21515, 'subscription_mode_val': 'LTP'}
[I 250221 10:42:44 optionchain:133] Live Data: {'subscription_mode': 1, 'exchange_type': 2, 'token': '54595', 'sequence_number': 16606990, 'exchange_timestamp': 1740114764000, 'last_traded_price': 21515, 'subscription_mode_val': 'LTP'}
[I 250221 10:42:49 optionchain:133] Live Data: {'subscription_mode': 1, 'exchange_type': 2, 'token': '54595', 'sequence_number': 16621209, 'exchange_timestamp': 1740114769000, 'last_traded_price': 21515, 'subscription_mode_val': 'LTP'}
[I 250221 10:42:55 optionchain:133] Live Data: {'subscription_mode': 1, 'exchange_type': 2, 'token': '54595', 'sequence_number': 16636294, 'exchange_timestamp': 1740114774000, 'last_traded_price': 21515, 'subscription_mode_val': 'LTP'}
[I 250221 10:43:01 optionchain:133] Live Data: {'subscription_mode': 1, 'exchange_type': 2, 'token': '54595', 'sequence_number': 16652040, 'exchange_timestamp': 1740114780000, 'last_traded_price': 21515, 'subscription_mode_val': 'LTP'}
[I 250221 10:43:06 optionchain:133] Live Data: {'subscription_mode': 1, 'exchange_type': 2, 'token': '54595', 'sequence_number': 16667742, 'exchange_timestamp': 1740114785000, 'last_traded_price': 21515, 'subscription_mode_val': 'LTP'}
[I 250221 10:43:11 optionchain:133] Live Data: {'subscription_mode': 1, 'exchange_type': 2, 'token': '54595', 'sequence_number': 16682756, 'exchange_timestamp': 1740114791000, 'last_traded_price': 21515, 'subscription_mode_val': 'LTP'}
[I 250221 10:43:16 optionchain:133] Live Data: {'subscription_mode': 1, 'exchange_type': 2, 'token': '54595', 'sequence_number': 16697120, 'exchange_timestamp': 1740114796000, 'last_traded_price': 21515, 'subscription_mode_val': 'LTP'}
[I 250221 10:43:21 optionchain:133] Live Data: {'subscription_mode': 1, 'exchange_type': 2, 'token': '54595', 'sequence_number': 16709657, 'exchange_timestamp': 1740114800000, 'last_traded_price': 21515, 'subscription_mode_val': 'LTP'}
[I 250221 10:43:26 optionchain:133] Live Data: {'subscription_mode': 1, 'exchange_type': 2, 'token': '54595', 'sequence_number': 16726615, 'exchange_timestamp': 1740114806000, 'last_traded_price': 21515, 'subscription_mode_val': 'LTP'}
[I 250221 10:43:32 optionchain:133] Live Data: {'subscription_mode': 1, 'exchange_type': 2, 'token': '54595', 'sequence_number': 16744166, 'exchange_timestamp': 1740114812000, 'last_traded_price': 21515, 'subscription_mode_val': 'LTP'}
[E 250221 10:43:38 optionchain:141] WebSocket Error: Connection closed
[W 250221 10:43:38 smartWebSocketV2:342] Connection closed due to max retry attempts reached.
[E 250221 10:43:38 optionchain:141] WebSocket Error: Connection closed
[W 250221 10:43:38 smartWebSocketV2:342] Connection closed due to max retry attempts reached.
[I 250221 10:44:50 optionchain:136] WebSocket Opened. Subscribing to tokens...
[I 250221 10:44:50 optionchain:138] Subscription complete
[I 250221 10:44:50 optionchain:133] Live Data: {'subscription_mode': 1, 'exchange_type': 2, 'token': '54595', 'sequence_number': 16962297, 'exchange_timestamp': 1740114887000, 'last_traded_price': 21515, 'subscription_mode_val': 'LTP'}
[I 250221 10:44:50 optionchain:133] Live Data: {'subscription_mode': 1, 'exchange_type': 2, 'token': '54594', 'sequence_number': 16203533, 'exchange_timestamp': 1740114630000, 'last_traded_price': 58725, 'subscription_mode_val': 'LTP'}
[E 250221 10:44:51 optionchain:141] WebSocket Error: Connection closed
[E 250221 10:44:51 optionchain:141] WebSocket Error: Connection closed
[W 250221 10:44:51 smartWebSocketV2:342] Connection closed due to max retry attempts reached.
[W 250221 10:44:51 smartWebSocketV2:342] Connection closed due to max retry attempts reached.
[E 250221 10:44:51 optionchain:141] WebSocket Error: Connection closed
[W 250221 10:44:51 smartWebSocketV2:342] Connection closed due to max retry attempts reached.
[I 250221 10:45:41 optionchain:136] WebSocket Opened. Subscribing to tokens...
[I 250221 10:45:41 optionchain:138] Subscription complete
[I 250221 10:45:41 optionchain:133] Live Data: {'subscription_mode': 1, 'exchange_type': 2, 'token': '54595', 'sequence_number': 17111862, 'exchange_timestamp': 1740114939000, 'last_traded_price': 21515, 'subscription_mode_val': 'LTP'}
[I 250221 10:45:41 optionchain:133] Live Data: {'subscription_mode': 1, 'exchange_type': 2, 'token': '54594', 'sequence_number': 16203533, 'exchange_timestamp': 1740114630000, 'last_traded_price': 58725, 'subscription_mode_val': 'LTP'}
[I 250221 10:45:46 optionchain:133] Live Data: {'subscription_mode': 1, 'exchange_type': 2, 'token': '54595', 'sequence_number': 17130413, 'exchange_timestamp': 1740114945000, 'last_traded_price': 21515, 'subscription_mode_val': 'LTP'}
[I 250221 10:45:51 optionchain:133] Live Data: {'subscription_mode': 1, 'exchange_type': 2, 'token': '54595', 'sequence_number': 17146119, 'exchange_timestamp': 1740114951000, 'last_traded_price': 21515, 'subscription_mode_val': 'LTP'}
[I 250221 10:45:57 optionchain:133] Live Data: {'subscription_mode': 1, 'exchange_type': 2, 'token': '54595', 'sequence_number': 17162259, 'exchange_timestamp': 1740114957000, 'last_traded_price': 21515, 'subscription_mode_val': 'LTP'}
[I 250221 10:46:03 optionchain:133] Live Data: {'subscription_mode': 1, 'exchange_type': 2, 'token': '54595', 'sequence_number': 17180669, 'exchange_timestamp': 1740114963000, 'last_traded_price': 21515, 'subscription_mode_val': 'LTP'}
[I 250221 10:46:09 optionchain:133] Live Data: {'subscription_mode': 1, 'exchange_type': 2, 'token': '54595', 'sequence_number': 17198287, 'exchange_timestamp': 1740114969000, 'last_traded_price': 21515, 'subscription_mode_val': 'LTP'}
[I 250221 10:46:15 optionchain:133] Live Data: {'subscription_mode': 1, 'exchange_type': 2, 'token': '54595', 'sequence_number': 17214828, 'exchange_timestamp': 1740114974000, 'last_traded_price': 21515, 'subscription_mode_val': 'LTP'}
[I 250221 10:46:21 optionchain:133] Live Data: {'subscription_mode': 1, 'exchange_type': 2, 'token': '54595', 'sequence_number': 17233990, 'exchange_timestamp': 1740114981000, 'last_traded_price': 21515, 'subscription_mode_val': 'LTP'}
[I 250221 10:46:27 optionchain:133] Live Data: {'subscription_mode': 1, 'exchange_type': 2, 'token': '54595', 'sequence_number': 17252001, 'exchange_timestamp': 1740114987000, 'last_traded_price': 21515, 'subscription_mode_val': 'LTP'}
[I 250221 10:46:36 optionchain:133] Live Data: {'subscription_mode': 1, 'exchange_type': 2, 'token': '54595', 'sequence_number': 17279094, 'exchange_timestamp': 1740114995000, 'last_traded_price': 21515, 'subscription_mode_val': 'LTP'}
[I 250221 10:46:44 optionchain:133] Live Data: {'subscription_mode': 1, 'exchange_type': 2, 'token': '54595', 'sequence_number': 17302604, 'exchange_timestamp': 1740115004000, 'last_traded_price': 21515, 'subscription_mode_val': 'LTP'}
[I 250221 10:46:51 optionchain:133] Live Data: {'subscription_mode': 1, 'exchange_type': 2, 'token': '54595', 'sequence_number': 17323423, 'exchange_timestamp': 1740115011000, 'last_traded_price': 21515, 'subscription_mode_val': 'LTP'}
[I 250221 10:46:58 optionchain:133] Live Data: {'subscription_mode': 1, 'exchange_type': 2, 'token': '54595', 'sequence_number': 17340732, 'exchange_timestamp': 1740115017000, 'last_traded_price': 21515, 'subscription_mode_val': 'LTP'}
[I 250221 10:47:05 optionchain:133] Live Data: {'subscription_mode': 1, 'exchange_type': 2, 'token': '54595', 'sequence_number': 17362185, 'exchange_timestamp': 1740115024000, 'last_traded_price': 21515, 'subscription_mode_val': 'LTP'}
[I 250221 10:47:11 optionchain:133] Live Data: {'subscription_mode': 1, 'exchange_type': 2, 'token': '54595', 'sequence_number': 17381195, 'exchange_timestamp': 1740115031000, 'last_traded_price': 21515, 'subscription_mode_val': 'LTP'}
[I 250221 10:47:18 optionchain:133] Live Data: {'subscription_mode': 1, 'exchange_type': 2, 'token': '54595', 'sequence_number': 17400820, 'exchange_timestamp': 1740115038000, 'last_traded_price': 21515, 'subscription_mode_val': 'LTP'}
[I 250221 10:47:25 optionchain:133] Live Data: {'subscription_mode': 1, 'exchange_type': 2, 'token': '54595', 'sequence_number': 17421027, 'exchange_timestamp': 1740115045000, 'last_traded_price': 21515, 'subscription_mode_val': 'LTP'}
[I 250221 10:47:32 optionchain:133] Live Data: {'subscription_mode': 1, 'exchange_type': 2, 'token': '54595', 'sequence_number': 17441500, 'exchange_timestamp': 1740115052000, 'last_traded_price': 21515, 'subscription_mode_val': 'LTP'}
[I 250221 10:47:39 optionchain:133] Live Data: {'subscription_mode': 1, 'exchange_type': 2, 'token': '54595', 'sequence_number': 17460449, 'exchange_timestamp': 1740115058000, 'last_traded_price': 21515, 'subscription_mode_val': 'LTP'}
[I 250221 10:47:45 optionchain:133] Live Data: {'subscription_mode': 1, 'exchange_type': 2, 'token': '54595', 'sequence_number': 17478666, 'exchange_timestamp': 1740115065000, 'last_traded_price': 21515, 'subscription_mode_val': 'LTP'}
[I 250221 10:47:51 optionchain:133] Live Data: {'subscription_mode': 1, 'exchange_type': 2, 'token': '54595', 'sequence_number': 17494471, 'exchange_timestamp': 1740115071000, 'last_traded_price': 21515, 'subscription_mode_val': 'LTP'}
[I 250221 10:47:57 optionchain:133] Live Data: {'subscription_mode': 1, 'exchange_type': 2, 'token': '54595', 'sequence_number': 17510629, 'exchange_timestamp': 1740115076000, 'last_traded_price': 21515, 'subscription_mode_val': 'LTP'}
[I 250221 10:48:03 optionchain:133] Live Data: {'subscription_mode': 1, 'exchange_type': 2, 'token': '54595', 'sequence_number': 17528866, 'exchange_timestamp': 1740115082000, 'last_traded_price': 21515, 'subscription_mode_val': 'LTP'}
[I 250221 10:48:09 optionchain:133] Live Data: {'subscription_mode': 1, 'exchange_type': 2, 'token': '54595', 'sequence_number': 17545014, 'exchange_timestamp': 1740115088000, 'last_traded_price': 21515, 'subscription_mode_val': 'LTP'}
[I 250221 10:48:14 optionchain:133] Live Data: {'subscription_mode': 1, 'exchange_type': 2, 'token': '54595', 'sequence_number': 17560225, 'exchange_timestamp': 1740115094000, 'last_traded_price': 21515, 'subscription_mode_val': 'LTP'}
[I 250221 10:48:21 optionchain:133] Live Data: {'subscription_mode': 1, 'exchange_type': 2, 'token': '54595', 'sequence_number': 17579193, 'exchange_timestamp': 1740115100000, 'last_traded_price': 21515, 'subscription_mode_val': 'LTP'}
[I 250221 10:48:28 optionchain:133] Live Data: {'subscription_mode': 1, 'exchange_type': 2, 'token': '54595', 'sequence_number': 17599331, 'exchange_timestamp': 1740115107000, 'last_traded_price': 21515, 'subscription_mode_val': 'LTP'}
[I 250221 10:48:35 optionchain:133] Live Data: {'subscription_mode': 1, 'exchange_type': 2, 'token': '54595', 'sequence_number': 17622956, 'exchange_timestamp': 1740115115000, 'last_traded_price': 21515, 'subscription_mode_val': 'LTP'}
[I 250221 10:48:42 optionchain:133] Live Data: {'subscription_mode': 1, 'exchange_type': 2, 'token': '54595', 'sequence_number': 17641921, 'exchange_timestamp': 1740115121000, 'last_traded_price': 21515, 'subscription_mode_val': 'LTP'}
[I 250221 10:48:48 optionchain:133] Live Data: {'subscription_mode': 1, 'exchange_type': 2, 'token': '54595', 'sequence_number': 17658479, 'exchange_timestamp': 1740115127000, 'last_traded_price': 21515, 'subscription_mode_val': 'LTP'}
[I 250221 10:48:53 optionchain:133] Live Data: {'subscription_mode': 1, 'exchange_type': 2, 'token': '54595', 'sequence_number': 17673668, 'exchange_timestamp': 1740115133000, 'last_traded_price': 21515, 'subscription_mode_val': 'LTP'}
[I 250221 10:48:58 optionchain:133] Live Data: {'subscription_mode': 1, 'exchange_type': 2, 'token': '54595', 'sequence_number': 17687993, 'exchange_timestamp': 1740115138000, 'last_traded_price': 21515, 'subscription_mode_val': 'LTP'}
[I 250221 10:49:04 optionchain:133] Live Data: {'subscription_mode': 1, 'exchange_type': 2, 'token': '54595', 'sequence_number': 17706875, 'exchange_timestamp': 1740115144000, 'last_traded_price': 21515, 'subscription_mode_val': 'LTP'}
[I 250221 10:49:11 optionchain:133] Live Data: {'subscription_mode': 1, 'exchange_type': 2, 'token': '54595', 'sequence_number': 17725588, 'exchange_timestamp': 1740115150000, 'last_traded_price': 21515, 'subscription_mode_val': 'LTP'}
[I 250221 10:49:17 optionchain:133] Live Data: {'subscription_mode': 1, 'exchange_type': 2, 'token': '54595', 'sequence_number': 17741482, 'exchange_timestamp': 1740115156000, 'last_traded_price': 21515, 'subscription_mode_val': 'LTP'}
[I 250221 10:49:22 optionchain:133] Live Data: {'subscription_mode': 1, 'exchange_type': 2, 'token': '54595', 'sequence_number': 17757859, 'exchange_timestamp': 1740115162000, 'last_traded_price': 21515, 'subscription_mode_val': 'LTP'}
[I 250221 10:49:28 optionchain:133] Live Data: {'subscription_mode': 1, 'exchange_type': 2, 'token': '54595', 'sequence_number': 17773733, 'exchange_timestamp': 1740115168000, 'last_traded_price': 21515, 'subscription_mode_val': 'LTP'}
[I 250221 10:49:34 optionchain:133] Live Data: {'subscription_mode': 1, 'exchange_type': 2, 'token': '54595', 'sequence_number': 17792070, 'exchange_timestamp': 1740115174000, 'last_traded_price': 21515, 'subscription_mode_val': 'LTP'}
[I 250221 10:49:41 optionchain:133] Live Data: {'subscription_mode': 1, 'exchange_type': 2, 'token': '54595', 'sequence_number': 17809855, 'exchange_timestamp': 1740115180000, 'last_traded_price': 21515, 'subscription_mode_val': 'LTP'}
[I 250221 10:49:47 optionchain:133] Live Data: {'subscription_mode': 1, 'exchange_type': 2, 'token': '54595', 'sequence_number': 17828576, 'exchange_timestamp': 1740115187000, 'last_traded_price': 21515, 'subscription_mode_val': 'LTP'}
[I 250221 10:49:48 optionchain:133] Live Data: {'subscription_mode': 1, 'exchange_type': 2, 'token': '54594', 'sequence_number': 17830348, 'exchange_timestamp': 1740115188000, 'last_traded_price': 58725, 'subscription_mode_val': 'LTP'}
[I 250221 10:49:48 optionchain:133] Live Data: {'subscription_mode': 1, 'exchange_type': 2, 'token': '54595', 'sequence_number': 17830881, 'exchange_timestamp': 1740115188000, 'last_traded_price': 21515, 'subscription_mode_val': 'LTP'}
[I 250221 10:49:53 optionchain:133] Live Data: {'subscription_mode': 1, 'exchange_type': 2, 'token': '54595', 'sequence_number': 17844191, 'exchange_timestamp': 1740115193000, 'last_traded_price': 21515, 'subscription_mode_val': 'LTP'}
[I 250221 10:49:59 optionchain:133] Live Data: {'subscription_mode': 1, 'exchange_type': 2, 'token': '54595', 'sequence_number': 17860018, 'exchange_timestamp': 1740115199000, 'last_traded_price': 21515, 'subscription_mode_val': 'LTP'}
[I 250221 10:50:05 optionchain:133] Live Data: {'subscription_mode': 1, 'exchange_type': 2, 'token': '54595', 'sequence_number': 17879773, 'exchange_timestamp': 1740115205000, 'last_traded_price': 21515, 'subscription_mode_val': 'LTP'}
[I 250221 10:50:11 optionchain:133] Live Data: {'subscription_mode': 1, 'exchange_type': 2, 'token': '54595', 'sequence_number': 17898492, 'exchange_timestamp': 1740115211000, 'last_traded_price': 21515, 'subscription_mode_val': 'LTP'}
[I 250221 10:50:18 optionchain:133] Live Data: {'subscription_mode': 1, 'exchange_type': 2, 'token': '54595', 'sequence_number': 17915713, 'exchange_timestamp': 1740115217000, 'last_traded_price': 21515, 'subscription_mode_val': 'LTP'}
[I 250221 10:50:24 optionchain:133] Live Data: {'subscription_mode': 1, 'exchange_type': 2, 'token': '54595', 'sequence_number': 17931455, 'exchange_timestamp': 1740115224000, 'last_traded_price': 21515, 'subscription_mode_val': 'LTP'}
[I 250221 10:50:29 optionchain:133] Live Data: {'subscription_mode': 1, 'exchange_type': 2, 'token': '54595', 'sequence_number': 17946422, 'exchange_timestamp': 1740115229000, 'last_traded_price': 21515, 'subscription_mode_val': 'LTP'}
[I 250221 10:50:35 optionchain:133] Live Data: {'subscription_mode': 1, 'exchange_type': 2, 'token': '54595', 'sequence_number': 17965274, 'exchange_timestamp': 1740115235000, 'last_traded_price': 21515, 'subscription_mode_val': 'LTP'}
[I 250221 10:50:41 optionchain:133] Live Data: {'subscription_mode': 1, 'exchange_type': 2, 'token': '54595', 'sequence_number': 17982904, 'exchange_timestamp': 1740115241000, 'last_traded_price': 21515, 'subscription_mode_val': 'LTP'}
[E 250221 10:50:48 optionchain:141] WebSocket Error: Connection closed
[W 250221 10:50:48 smartWebSocketV2:342] Connection closed due to max retry attempts reached.
[E 250221 10:50:48 optionchain:141] WebSocket Error: Connection closed
[W 250221 10:50:48 smartWebSocketV2:342] Connection closed due to max retry attempts reached.
[I 250221 10:55:11 optionchain:136] WebSocket Opened. Subscribing to tokens...
[I 250221 10:55:11 optionchain:138] Subscription complete
[I 250221 10:55:12 optionchain:133] Live Data: {'subscription_mode': 1, 'exchange_type': 2, 'token': '54595', 'sequence_number': 18766753, 'exchange_timestamp': 1740115509000, 'last_traded_price': 21515, 'subscription_mode_val': 'LTP'}
[I 250221 10:55:12 optionchain:133] Live Data: {'subscription_mode': 1, 'exchange_type': 2, 'token': '54594', 'sequence_number': 17830348, 'exchange_timestamp': 1740115188000, 'last_traded_price': 58725, 'subscription_mode_val': 'LTP'}
[I 250221 10:55:16 optionchain:133] Live Data: {'subscription_mode': 1, 'exchange_type': 2, 'token': '54595', 'sequence_number': 18786965, 'exchange_timestamp': 1740115516000, 'last_traded_price': 21515, 'subscription_mode_val': 'LTP'}
[I 250221 10:55:23 optionchain:133] Live Data: {'subscription_mode': 1, 'exchange_type': 2, 'token': '54595', 'sequence_number': 18805837, 'exchange_timestamp': 1740115523000, 'last_traded_price': 21515, 'subscription_mode_val': 'LTP'}
[I 250221 10:55:30 optionchain:133] Live Data: {'subscription_mode': 1, 'exchange_type': 2, 'token': '54594', 'sequence_number': 18825794, 'exchange_timestamp': 1740115530000, 'last_traded_price': 58725, 'subscription_mode_val': 'LTP'}
[I 250221 10:55:30 optionchain:133] Live Data: {'subscription_mode': 1, 'exchange_type': 2, 'token': '54595', 'sequence_number': 18825795, 'exchange_timestamp': 1740115530000, 'last_traded_price': 21515, 'subscription_mode_val': 'LTP'}
[I 250221 10:55:30 optionchain:133] Live Data: {'subscription_mode': 1, 'exchange_type': 2, 'token': '54595', 'sequence_number': 18826672, 'exchange_timestamp': 1740115530000, 'last_traded_price': 21515, 'subscription_mode_val': 'LTP'}
[I 250221 10:55:37 optionchain:133] Live Data: {'subscription_mode': 1, 'exchange_type': 2, 'token': '54595', 'sequence_number': 18867346, 'exchange_timestamp': 1740115537000, 'last_traded_price': 21515, 'subscription_mode_val': 'LTP'}
[I 250221 10:55:44 optionchain:133] Live Data: {'subscription_mode': 1, 'exchange_type': 2, 'token': '54595', 'sequence_number': 18887496, 'exchange_timestamp': 1740115544000, 'last_traded_price': 21515, 'subscription_mode_val': 'LTP'}
[I 250221 10:55:51 optionchain:133] Live Data: {'subscription_mode': 1, 'exchange_type': 2, 'token': '54595', 'sequence_number': 18907193, 'exchange_timestamp': 1740115551000, 'last_traded_price': 21515, 'subscription_mode_val': 'LTP'}
[I 250221 10:55:58 optionchain:133] Live Data: {'subscription_mode': 1, 'exchange_type': 2, 'token': '54595', 'sequence_number': 18926066, 'exchange_timestamp': 1740115557000, 'last_traded_price': 21515, 'subscription_mode_val': 'LTP'}
[I 250221 10:56:05 optionchain:133] Live Data: {'subscription_mode': 1, 'exchange_type': 2, 'token': '54595', 'sequence_number': 18948028, 'exchange_timestamp': 1740115564000, 'last_traded_price': 21515, 'subscription_mode_val': 'LTP'}
[I 250221 10:56:12 optionchain:133] Live Data: {'subscription_mode': 1, 'exchange_type': 2, 'token': '54595', 'sequence_number': 18968146, 'exchange_timestamp': 1740115572000, 'last_traded_price': 21515, 'subscription_mode_val': 'LTP'}
[I 250221 10:56:19 optionchain:133] Live Data: {'subscription_mode': 1, 'exchange_type': 2, 'token': '54595', 'sequence_number': 18986760, 'exchange_timestamp': 1740115578000, 'last_traded_price': 21515, 'subscription_mode_val': 'LTP'}
[I 250221 10:56:25 optionchain:133] Live Data: {'subscription_mode': 1, 'exchange_type': 2, 'token': '54595', 'sequence_number': 19003857, 'exchange_timestamp': 1740115585000, 'last_traded_price': 21515, 'subscription_mode_val': 'LTP'}
[I 250221 10:57:26 optionchain:136] WebSocket Opened. Subscribing to tokens...
[I 250221 10:57:26 optionchain:138] Subscription complete
[I 250221 10:57:26 optionchain:133] Live Data: {'subscription_mode': 1, 'exchange_type': 2, 'token': '54595', 'sequence_number': 19165333, 'exchange_timestamp': 1740115641000, 'last_traded_price': 21515, 'subscription_mode_val': 'LTP'}
[I 250221 10:57:26 optionchain:133] Live Data: {'subscription_mode': 1, 'exchange_type': 2, 'token': '54594', 'sequence_number': 18825794, 'exchange_timestamp': 1740115530000, 'last_traded_price': 58725, 'subscription_mode_val': 'LTP'}
[I 250221 10:57:28 optionchain:133] Live Data: {'subscription_mode': 1, 'exchange_type': 2, 'token': '54595', 'sequence_number': 19184101, 'exchange_timestamp': 1740115648000, 'last_traded_price': 21515, 'subscription_mode_val': 'LTP'}
[I 250221 10:57:35 optionchain:133] Live Data: {'subscription_mode': 1, 'exchange_type': 2, 'token': '54595', 'sequence_number': 19205117, 'exchange_timestamp': 1740115654000, 'last_traded_price': 21515, 'subscription_mode_val': 'LTP'}
[I 250221 10:57:41 optionchain:133] Live Data: {'subscription_mode': 1, 'exchange_type': 2, 'token': '54595', 'sequence_number': 19223867, 'exchange_timestamp': 1740115661000, 'last_traded_price': 21515, 'subscription_mode_val': 'LTP'}
[I 250221 10:57:47 optionchain:133] Live Data: {'subscription_mode': 1, 'exchange_type': 2, 'token': '54595', 'sequence_number': 19239946, 'exchange_timestamp': 1740115667000, 'last_traded_price': 21515, 'subscription_mode_val': 'LTP'}
[I 250221 10:57:52 optionchain:133] Live Data: {'subscription_mode': 1, 'exchange_type': 2, 'token': '54595', 'sequence_number': 19254669, 'exchange_timestamp': 1740115672000, 'last_traded_price': 21515, 'subscription_mode_val': 'LTP'}
[I 250221 11:03:16 optionchain:136] WebSocket Opened. Subscribing to tokens...
[I 250221 11:03:16 optionchain:138] Subscription complete
[I 250221 11:03:16 optionchain:133] Live Data: {'subscription_mode': 1, 'exchange_type': 2, 'token': '54591', 'sequence_number': 20162206, 'exchange_timestamp': 1740115989000, 'last_traded_price': 18850, 'subscription_mode_val': 'LTP'}
[I 250221 11:03:16 optionchain:133] Live Data: {'subscription_mode': 1, 'exchange_type': 2, 'token': '54590', 'sequence_number': 18825773, 'exchange_timestamp': 1740115530000, 'last_traded_price': 0, 'subscription_mode_val': 'LTP'}
[I 250221 11:03:16 optionchain:133] Live Data: {'subscription_mode': 1, 'exchange_type': 2, 'token': '54591', 'sequence_number': 20178734, 'exchange_timestamp': 1740115995000, 'last_traded_price': 18850, 'subscription_mode_val': 'LTP'}
[I 250221 11:03:21 optionchain:133] Live Data: {'subscription_mode': 1, 'exchange_type': 2, 'token': '54591', 'sequence_number': 20196318, 'exchange_timestamp': 1740116001000, 'last_traded_price': 18850, 'subscription_mode_val': 'LTP'}
[I 250221 11:03:28 optionchain:133] Live Data: {'subscription_mode': 1, 'exchange_type': 2, 'token': '54591', 'sequence_number': 20216019, 'exchange_timestamp': 1740116008000, 'last_traded_price': 18850, 'subscription_mode_val': 'LTP'}
[I 250221 11:03:35 optionchain:133] Live Data: {'subscription_mode': 1, 'exchange_type': 2, 'token': '54591', 'sequence_number': 20237987, 'exchange_timestamp': 1740116015000, 'last_traded_price': 18850, 'subscription_mode_val': 'LTP'}
[I 250221 11:03:42 optionchain:133] Live Data: {'subscription_mode': 1, 'exchange_type': 2, 'token': '54591', 'sequence_number': 20257304, 'exchange_timestamp': 1740116022000, 'last_traded_price': 18850, 'subscription_mode_val': 'LTP'}
[I 250221 11:05:14 optionchain:139] WebSocket Opened. Subscribing to tokens...
[I 250221 11:05:14 optionchain:141] Subscription complete
[I 250221 11:07:27 optionchain:139] WebSocket Opened. Subscribing to tokens...
[I 250221 11:07:27 optionchain:141] Subscription complete
[I 250221 11:08:22 optionchain:136] WebSocket Opened. Subscribing to tokens...
[I 250221 11:08:22 optionchain:138] Subscription complete
[I 250221 11:08:22 optionchain:133] Live Data: {'subscription_mode': 1, 'exchange_type': 2, 'token': '54591', 'sequence_number': 21044145, 'exchange_timestamp': 1740116298000, 'last_traded_price': 18850, 'subscription_mode_val': 'LTP'}
[I 250221 11:08:22 optionchain:133] Live Data: {'subscription_mode': 1, 'exchange_type': 2, 'token': '54590', 'sequence_number': 20541418, 'exchange_timestamp': 1740116123000, 'last_traded_price': 0, 'subscription_mode_val': 'LTP'}
[I 250221 11:08:24 optionchain:133] Live Data: {'subscription_mode': 1, 'exchange_type': 2, 'token': '54591', 'sequence_number': 21062416, 'exchange_timestamp': 1740116304000, 'last_traded_price': 18850, 'subscription_mode_val': 'LTP'}
[I 250221 11:08:30 optionchain:133] Live Data: {'subscription_mode': 1, 'exchange_type': 2, 'token': '54591', 'sequence_number': 21078667, 'exchange_timestamp': 1740116310000, 'last_traded_price': 18850, 'subscription_mode_val': 'LTP'}
[I 250221 11:08:36 optionchain:133] Live Data: {'subscription_mode': 1, 'exchange_type': 2, 'token': '54591', 'sequence_number': 21095589, 'exchange_timestamp': 1740116315000, 'last_traded_price': 18850, 'subscription_mode_val': 'LTP'}
[I 250221 11:08:42 optionchain:133] Live Data: {'subscription_mode': 1, 'exchange_type': 2, 'token': '54591', 'sequence_number': 21111464, 'exchange_timestamp': 1740116321000, 'last_traded_price': 18850, 'subscription_mode_val': 'LTP'}
[I 250221 11:08:47 optionchain:133] Live Data: {'subscription_mode': 1, 'exchange_type': 2, 'token': '54591', 'sequence_number': 21126623, 'exchange_timestamp': 1740116327000, 'last_traded_price': 18850, 'subscription_mode_val': 'LTP'}
[I 250221 11:08:53 optionchain:133] Live Data: {'subscription_mode': 1, 'exchange_type': 2, 'token': '54591', 'sequence_number': 21141727, 'exchange_timestamp': 1740116332000, 'last_traded_price': 18850, 'subscription_mode_val': 'LTP'}
[I 250221 11:18:12 optionchain:124] WebSocket Opened. Subscribing to tokens...
[I 250221 11:18:12 optionchain:126] Subscription complete
[I 250221 11:18:12 optionchain:121] Live Data: {'subscription_mode': 1, 'exchange_type': 2, 'token': '54591', 'sequence_number': 22774279, 'exchange_timestamp': 1740116891000, 'last_traded_price': 18850, 'subscription_mode_val': 'LTP'}
[I 250221 11:18:12 optionchain:121] Live Data: {'subscription_mode': 1, 'exchange_type': 2, 'token': '54590', 'sequence_number': 21441854, 'exchange_timestamp': 1740116430000, 'last_traded_price': 0, 'subscription_mode_val': 'LTP'}
[I 250221 11:18:17 optionchain:121] Live Data: {'subscription_mode': 1, 'exchange_type': 2, 'token': '54591', 'sequence_number': 22790326, 'exchange_timestamp': 1740116897000, 'last_traded_price': 18850, 'subscription_mode_val': 'LTP'}
[I 250221 11:18:23 optionchain:121] Live Data: {'subscription_mode': 1, 'exchange_type': 2, 'token': '54591', 'sequence_number': 22806690, 'exchange_timestamp': 1740116903000, 'last_traded_price': 18850, 'subscription_mode_val': 'LTP'}
[I 250221 11:18:29 optionchain:121] Live Data: {'subscription_mode': 1, 'exchange_type': 2, 'token': '54591', 'sequence_number': 22822358, 'exchange_timestamp': 1740116909000, 'last_traded_price': 18850, 'subscription_mode_val': 'LTP'}
[I 250221 11:18:35 optionchain:121] Live Data: {'subscription_mode': 1, 'exchange_type': 2, 'token': '54591', 'sequence_number': 22839192, 'exchange_timestamp': 1740116914000, 'last_traded_price': 18850, 'subscription_mode_val': 'LTP'}
[I 250221 11:18:40 optionchain:121] Live Data: {'subscription_mode': 1, 'exchange_type': 2, 'token': '54591', 'sequence_number': 22854090, 'exchange_timestamp': 1740116920000, 'last_traded_price': 18850, 'subscription_mode_val': 'LTP'}
[I 250221 11:18:45 optionchain:121] Live Data: {'subscription_mode': 1, 'exchange_type': 2, 'token': '54591', 'sequence_number': 22867242, 'exchange_timestamp': 1740116925000, 'last_traded_price': 18850, 'subscription_mode_val': 'LTP'}
[I 250221 11:18:51 optionchain:121] Live Data: {'subscription_mode': 1, 'exchange_type': 2, 'token': '54591', 'sequence_number': 22882225, 'exchange_timestamp': 1740116930000, 'last_traded_price': 18850, 'subscription_mode_val': 'LTP'}
[I 250221 11:18:56 optionchain:121] Live Data: {'subscription_mode': 1, 'exchange_type': 2, 'token': '54591', 'sequence_number': 22897624, 'exchange_timestamp': 1740116936000, 'last_traded_price': 18850, 'subscription_mode_val': 'LTP'}
[I 250221 11:19:02 optionchain:121] Live Data: {'subscription_mode': 1, 'exchange_type': 2, 'token': '54591', 'sequence_number': 22915054, 'exchange_timestamp': 1740116942000, 'last_traded_price': 18850, 'subscription_mode_val': 'LTP'}
[I 250221 11:19:13 optionchain:121] Live Data: {'subscription_mode': 1, 'exchange_type': 2, 'token': '54591', 'sequence_number': 22945803, 'exchange_timestamp': 1740116953000, 'last_traded_price': 18850, 'subscription_mode_val': 'LTP'}
[I 250221 11:19:18 optionchain:121] Live Data: {'subscription_mode': 1, 'exchange_type': 2, 'token': '54591', 'sequence_number': 22959523, 'exchange_timestamp': 1740116958000, 'last_traded_price': 18850, 'subscription_mode_val': 'LTP'}
[W 250221 11:23:54 optionchain:131] No data found in CSV for plotting
[I 250221 11:23:54 optionchain:105] WebSocket Opened. Subscribing to tokens...
[I 250221 11:23:54 optionchain:107] Subscription complete
[I 250221 11:23:54 optionchain:102] Live Data: 11:23:53, Token: 54591, LTP: 18850
[I 250221 11:23:54 optionchain:102] Live Data: 11:21:27, Token: 54590, LTP: 0
[I 250221 11:23:54 optionchain:102] Live Data: 11:23:54, Token: 54591, LTP: 18850
[I 250221 11:23:56 optionchain:102] Live Data: 11:23:56, Token: 54591, LTP: 18850
[I 250221 11:23:57 optionchain:102] Live Data: 11:23:57, Token: 54591, LTP: 18850
[I 250221 11:23:59 optionchain:102] Live Data: 11:23:59, Token: 54591, LTP: 18850
[I 250221 11:24:01 optionchain:102] Live Data: 11:24:00, Token: 54591, LTP: 18850
[I 250221 11:24:02 optionchain:102] Live Data: 11:24:02, Token: 54591, LTP: 18850
[I 250221 11:24:35 optionchain:124] WebSocket Opened. Subscribing to tokens...
[I 250221 11:24:35 optionchain:126] Subscription complete
[I 250221 11:24:35 optionchain:121] Live Data: {'subscription_mode': 1, 'exchange_type': 2, 'token': '54591', 'sequence_number': 23820956, 'exchange_timestamp': 1740117274000, 'last_traded_price': 18850, 'subscription_mode_val': 'LTP'}
[I 250221 11:24:35 optionchain:121] Live Data: {'subscription_mode': 1, 'exchange_type': 2, 'token': '54590', 'sequence_number': 23314697, 'exchange_timestamp': 1740117087000, 'last_traded_price': 0, 'subscription_mode_val': 'LTP'}
[I 250221 11:24:36 optionchain:121] Live Data: {'subscription_mode': 1, 'exchange_type': 2, 'token': '54591', 'sequence_number': 23825286, 'exchange_timestamp': 1740117275000, 'last_traded_price': 18850, 'subscription_mode_val': 'LTP'}
[I 250221 11:24:37 optionchain:121] Live Data: {'subscription_mode': 1, 'exchange_type': 2, 'token': '54591', 'sequence_number': 23829088, 'exchange_timestamp': 1740117277000, 'last_traded_price': 18850, 'subscription_mode_val': 'LTP'}
[I 250221 11:24:39 optionchain:121] Live Data: {'subscription_mode': 1, 'exchange_type': 2, 'token': '54591', 'sequence_number': 23833185, 'exchange_timestamp': 1740117278000, 'last_traded_price': 18850, 'subscription_mode_val': 'LTP'}
[I 250221 11:24:40 optionchain:121] Live Data: {'subscription_mode': 1, 'exchange_type': 2, 'token': '54591', 'sequence_number': 23837791, 'exchange_timestamp': 1740117280000, 'last_traded_price': 18850, 'subscription_mode_val': 'LTP'}
[I 250221 11:24:42 optionchain:121] Live Data: {'subscription_mode': 1, 'exchange_type': 2, 'token': '54591', 'sequence_number': 23841644, 'exchange_timestamp': 1740117281000, 'last_traded_price': 18850, 'subscription_mode_val': 'LTP'}
[I 250221 11:24:43 optionchain:121] Live Data: {'subscription_mode': 1, 'exchange_type': 2, 'token': '54591', 'sequence_number': 23845808, 'exchange_timestamp': 1740117283000, 'last_traded_price': 18850, 'subscription_mode_val': 'LTP'}
[I 250221 11:24:45 optionchain:121] Live Data: {'subscription_mode': 1, 'exchange_type': 2, 'token': '54591', 'sequence_number': 23850113, 'exchange_timestamp': 1740117284000, 'last_traded_price': 18850, 'subscription_mode_val': 'LTP'}
[I 250221 11:24:46 optionchain:121] Live Data: {'subscription_mode': 1, 'exchange_type': 2, 'token': '54591', 'sequence_number': 23854281, 'exchange_timestamp': 1740117286000, 'last_traded_price': 18850, 'subscription_mode_val': 'LTP'}
[I 250221 11:24:48 optionchain:121] Live Data: {'subscription_mode': 1, 'exchange_type': 2, 'token': '54591', 'sequence_number': 23858030, 'exchange_timestamp': 1740117287000, 'last_traded_price': 18850, 'subscription_mode_val': 'LTP'}
[I 250221 11:24:49 optionchain:121] Live Data: {'subscription_mode': 1, 'exchange_type': 2, 'token': '54591', 'sequence_number': 23862258, 'exchange_timestamp': 1740117289000, 'last_traded_price': 18850, 'subscription_mode_val': 'LTP'}
[I 250221 11:24:51 optionchain:121] Live Data: {'subscription_mode': 1, 'exchange_type': 2, 'token': '54591', 'sequence_number': 23866068, 'exchange_timestamp': 1740117290000, 'last_traded_price': 18850, 'subscription_mode_val': 'LTP'}
[I 250221 11:24:56 optionchain:121] Live Data: {'subscription_mode': 1, 'exchange_type': 2, 'token': '54591', 'sequence_number': 23881538, 'exchange_timestamp': 1740117296000, 'last_traded_price': 18850, 'subscription_mode_val': 'LTP'}
[I 250221 12:41:05 webSocketTest:97] WebSocket Opened
[E 250221 12:46:58 webSocketTest:102] Connection closed
[W 250221 12:46:58 smartWebSocketV2:342] Connection closed due to max retry attempts reached.
[I 250221 12:57:24 optionchain:124] WebSocket Opened. Subscribing to tokens...
[I 250221 12:57:24 optionchain:126] Subscription complete
[I 250221 12:57:24 optionchain:121] Live Data: {'subscription_mode': 1, 'exchange_type': 2, 'token': '54591', 'sequence_number': 39525554, 'exchange_timestamp': 1740122843000, 'last_traded_price': 18850, 'subscription_mode_val': 'LTP'}
[I 250221 12:57:24 optionchain:121] Live Data: {'subscription_mode': 1, 'exchange_type': 2, 'token': '54590', 'sequence_number': 39195243, 'exchange_timestamp': 1740122730000, 'last_traded_price': 0, 'subscription_mode_val': 'LTP'}
[I 250221 12:57:26 optionchain:121] Live Data: {'subscription_mode': 1, 'exchange_type': 2, 'token': '54591', 'sequence_number': 39534284, 'exchange_timestamp': 1740122846000, 'last_traded_price': 18850, 'subscription_mode_val': 'LTP'}
[I 250221 12:57:30 optionchain:121] Live Data: {'subscription_mode': 1, 'exchange_type': 2, 'token': '54591', 'sequence_number': 39543434, 'exchange_timestamp': 1740122850000, 'last_traded_price': 18850, 'subscription_mode_val': 'LTP'}
[I 250221 12:57:34 optionchain:121] Live Data: {'subscription_mode': 1, 'exchange_type': 2, 'token': '54591', 'sequence_number': 39554431, 'exchange_timestamp': 1740122853000, 'last_traded_price': 18850, 'subscription_mode_val': 'LTP'}
[I 250221 12:57:37 optionchain:121] Live Data: {'subscription_mode': 1, 'exchange_type': 2, 'token': '54591', 'sequence_number': 39563316, 'exchange_timestamp': 1740122856000, 'last_traded_price': 18850, 'subscription_mode_val': 'LTP'}
[I 250221 12:57:40 optionchain:121] Live Data: {'subscription_mode': 1, 'exchange_type': 2, 'token': '54591', 'sequence_number': 39571871, 'exchange_timestamp': 1740122860000, 'last_traded_price': 18850, 'subscription_mode_val': 'LTP'}
[I 250221 12:57:43 optionchain:121] Live Data: {'subscription_mode': 1, 'exchange_type': 2, 'token': '54591', 'sequence_number': 39580141, 'exchange_timestamp': 1740122863000, 'last_traded_price': 18850, 'subscription_mode_val': 'LTP'}
[I 250221 12:57:46 optionchain:121] Live Data: {'subscription_mode': 1, 'exchange_type': 2, 'token': '54591', 'sequence_number': 39588298, 'exchange_timestamp': 1740122866000, 'last_traded_price': 18850, 'subscription_mode_val': 'LTP'}
[I 250221 12:57:52 optionchain:121] Live Data: {'subscription_mode': 1, 'exchange_type': 2, 'token': '54591', 'sequence_number': 39603436, 'exchange_timestamp': 1740122872000, 'last_traded_price': 18850, 'subscription_mode_val': 'LTP'}
[I 250221 12:57:55 optionchain:121] Live Data: {'subscription_mode': 1, 'exchange_type': 2, 'token': '54591', 'sequence_number': 39610814, 'exchange_timestamp': 1740122875000, 'last_traded_price': 18850, 'subscription_mode_val': 'LTP'}
[I 250221 12:57:58 optionchain:121] Live Data: {'subscription_mode': 1, 'exchange_type': 2, 'token': '54591', 'sequence_number': 39618193, 'exchange_timestamp': 1740122878000, 'last_traded_price': 18850, 'subscription_mode_val': 'LTP'}
[I 250221 12:58:01 optionchain:121] Live Data: {'subscription_mode': 1, 'exchange_type': 2, 'token': '54591', 'sequence_number': 39626853, 'exchange_timestamp': 1740122881000, 'last_traded_price': 18850, 'subscription_mode_val': 'LTP'}
[I 250221 12:58:04 optionchain:121] Live Data: {'subscription_mode': 1, 'exchange_type': 2, 'token': '54591', 'sequence_number': 39636616, 'exchange_timestamp': 1740122884000, 'last_traded_price': 18850, 'subscription_mode_val': 'LTP'}
[I 250221 12:58:07 optionchain:121] Live Data: {'subscription_mode': 1, 'exchange_type': 2, 'token': '54591', 'sequence_number': 39644229, 'exchange_timestamp': 1740122887000, 'last_traded_price': 18850, 'subscription_mode_val': 'LTP'}
[I 250221 12:58:09 optionchain:121] Live Data: {'subscription_mode': 1, 'exchange_type': 2, 'token': '54591', 'sequence_number': 39650113, 'exchange_timestamp': 1740122889000, 'last_traded_price': 18850, 'subscription_mode_val': 'LTP'}
[I 250221 12:58:12 optionchain:121] Live Data: {'subscription_mode': 1, 'exchange_type': 2, 'token': '54591', 'sequence_number': 39658521, 'exchange_timestamp': 1740122892000, 'last_traded_price': 18850, 'subscription_mode_val': 'LTP'}
[I 250221 12:58:16 optionchain:121] Live Data: {'subscription_mode': 1, 'exchange_type': 2, 'token': '54591', 'sequence_number': 39668010, 'exchange_timestamp': 1740122896000, 'last_traded_price': 18850, 'subscription_mode_val': 'LTP'}
[I 250221 12:58:19 optionchain:121] Live Data: {'subscription_mode': 1, 'exchange_type': 2, 'token': '54591', 'sequence_number': 39675433, 'exchange_timestamp': 1740122899000, 'last_traded_price': 18850, 'subscription_mode_val': 'LTP'}
[I 250221 12:58:22 optionchain:121] Live Data: {'subscription_mode': 1, 'exchange_type': 2, 'token': '54591', 'sequence_number': 39683054, 'exchange_timestamp': 1740122901000, 'last_traded_price': 18850, 'subscription_mode_val': 'LTP'}
[I 250221 12:58:26 optionchain:121] Live Data: {'subscription_mode': 1, 'exchange_type': 2, 'token': '54591', 'sequence_number': 39693710, 'exchange_timestamp': 1740122905000, 'last_traded_price': 18850, 'subscription_mode_val': 'LTP'}
[I 250221 12:58:29 optionchain:121] Live Data: {'subscription_mode': 1, 'exchange_type': 2, 'token': '54591', 'sequence_number': 39701427, 'exchange_timestamp': 1740122908000, 'last_traded_price': 18850, 'subscription_mode_val': 'LTP'}
[I 250221 12:58:32 optionchain:121] Live Data: {'subscription_mode': 1, 'exchange_type': 2, 'token': '54591', 'sequence_number': 39711196, 'exchange_timestamp': 1740122912000, 'last_traded_price': 18850, 'subscription_mode_val': 'LTP'}
[I 250221 12:58:36 optionchain:121] Live Data: {'subscription_mode': 1, 'exchange_type': 2, 'token': '54591', 'sequence_number': 39721757, 'exchange_timestamp': 1740122915000, 'last_traded_price': 18850, 'subscription_mode_val': 'LTP'}
[I 250221 12:58:39 optionchain:121] Live Data: {'subscription_mode': 1, 'exchange_type': 2, 'token': '54591', 'sequence_number': 39729923, 'exchange_timestamp': 1740122918000, 'last_traded_price': 18850, 'subscription_mode_val': 'LTP'}
[I 250221 12:58:42 optionchain:121] Live Data: {'subscription_mode': 1, 'exchange_type': 2, 'token': '54591', 'sequence_number': 39738274, 'exchange_timestamp': 1740122922000, 'last_traded_price': 18850, 'subscription_mode_val': 'LTP'}
[I 250221 12:59:18 optionchain:124] WebSocket Opened. Subscribing to tokens...
[I 250221 12:59:18 optionchain:126] Subscription complete
[I 250221 12:59:18 optionchain:121] Live Data: {'subscription_mode': 1, 'exchange_type': 2, 'token': '54591', 'sequence_number': 39838809, 'exchange_timestamp': 1740122958000, 'last_traded_price': 18850, 'subscription_mode_val': 'LTP'}
[I 250221 12:59:18 optionchain:121] Live Data: {'subscription_mode': 1, 'exchange_type': 2, 'token': '54590', 'sequence_number': 39195243, 'exchange_timestamp': 1740122730000, 'last_traded_price': 0, 'subscription_mode_val': 'LTP'}
[I 250221 12:59:23 optionchain:121] Live Data: {'subscription_mode': 1, 'exchange_type': 2, 'token': '54591', 'sequence_number': 39851161, 'exchange_timestamp': 1740122962000, 'last_traded_price': 18850, 'subscription_mode_val': 'LTP'}
[I 250221 12:59:27 optionchain:121] Live Data: {'subscription_mode': 1, 'exchange_type': 2, 'token': '54591', 'sequence_number': 39861911, 'exchange_timestamp': 1740122966000, 'last_traded_price': 18850, 'subscription_mode_val': 'LTP'}
[I 250221 13:02:41 optionchain:124] WebSocket Opened. Subscribing to tokens...
[I 250221 13:02:41 optionchain:126] Subscription complete
[I 250221 13:02:41 optionchain:121] Live Data: {'subscription_mode': 1, 'exchange_type': 2, 'token': '54591', 'sequence_number': 40441185, 'exchange_timestamp': 1740123159000, 'last_traded_price': 18850, 'subscription_mode_val': 'LTP'}
[I 250221 13:02:41 optionchain:121] Live Data: {'subscription_mode': 1, 'exchange_type': 2, 'token': '54590', 'sequence_number': 40219537, 'exchange_timestamp': 1740123088000, 'last_traded_price': 0, 'subscription_mode_val': 'LTP'}
[I 250221 13:02:45 optionchain:121] Live Data: {'subscription_mode': 1, 'exchange_type': 2, 'token': '54591', 'sequence_number': 40458514, 'exchange_timestamp': 1740123165000, 'last_traded_price': 18850, 'subscription_mode_val': 'LTP'}
[I 250221 13:02:51 optionchain:121] Live Data: {'subscription_mode': 1, 'exchange_type': 2, 'token': '54591', 'sequence_number': 40475119, 'exchange_timestamp': 1740123171000, 'last_traded_price': 18850, 'subscription_mode_val': 'LTP'}
[I 250221 13:02:57 optionchain:121] Live Data: {'subscription_mode': 1, 'exchange_type': 2, 'token': '54591', 'sequence_number': 40492273, 'exchange_timestamp': 1740123177000, 'last_traded_price': 18850, 'subscription_mode_val': 'LTP'}
[I 250221 13:05:41 optionchain:124] WebSocket Opened. Subscribing to tokens...
[I 250221 13:05:41 optionchain:126] Subscription complete
[I 250221 13:05:42 optionchain:121] Live Data: {'subscription_mode': 1, 'exchange_type': 2, 'token': '54591', 'sequence_number': 40957988, 'exchange_timestamp': 1740123339000, 'last_traded_price': 18850, 'subscription_mode_val': 'LTP'}
[I 250221 13:05:42 optionchain:121] Live Data: {'subscription_mode': 1, 'exchange_type': 2, 'token': '54590', 'sequence_number': 40672516, 'exchange_timestamp': 1740123239000, 'last_traded_price': 0, 'subscription_mode_val': 'LTP'}
[I 250221 13:05:45 optionchain:121] Live Data: {'subscription_mode': 1, 'exchange_type': 2, 'token': '54591', 'sequence_number': 40973193, 'exchange_timestamp': 1740123345000, 'last_traded_price': 18850, 'subscription_mode_val': 'LTP'}
[I 250221 13:05:51 optionchain:121] Live Data: {'subscription_mode': 1, 'exchange_type': 2, 'token': '54591', 'sequence_number': 40988860, 'exchange_timestamp': 1740123351000, 'last_traded_price': 18850, 'subscription_mode_val': 'LTP'}
[I 250221 13:05:56 optionchain:121] Live Data: {'subscription_mode': 1, 'exchange_type': 2, 'token': '54591', 'sequence_number': 41001994, 'exchange_timestamp': 1740123356000, 'last_traded_price': 18850, 'subscription_mode_val': 'LTP'}
[I 250221 13:06:01 optionchain:121] Live Data: {'subscription_mode': 1, 'exchange_type': 2, 'token': '54591', 'sequence_number': 41018414, 'exchange_timestamp': 1740123361000, 'last_traded_price': 18850, 'subscription_mode_val': 'LTP'}
[I 250221 13:06:06 optionchain:121] Live Data: {'subscription_mode': 1, 'exchange_type': 2, 'token': '54591', 'sequence_number': 41032889, 'exchange_timestamp': 1740123366000, 'last_traded_price': 18850, 'subscription_mode_val': 'LTP'}
[I 250221 13:11:21 optionchain:124] WebSocket Opened. Subscribing to tokens...
[I 250221 13:11:21 optionchain:126] Subscription complete
[I 250221 13:11:21 optionchain:121] Live Data: {'subscription_mode': 1, 'exchange_type': 2, 'token': '54591', 'sequence_number': 41912571, 'exchange_timestamp': 1740123680000, 'last_traded_price': 18850, 'subscription_mode_val': 'LTP'}
[I 250221 13:11:21 optionchain:121] Live Data: {'subscription_mode': 1, 'exchange_type': 2, 'token': '54590', 'sequence_number': 41754359, 'exchange_timestamp': 1740123630000, 'last_traded_price': 0, 'subscription_mode_val': 'LTP'}
[I 250221 13:11:22 optionchain:121] Live Data: {'subscription_mode': 1, 'exchange_type': 2, 'token': '54591', 'sequence_number': 41917608, 'exchange_timestamp': 1740123682000, 'last_traded_price': 18850, 'subscription_mode_val': 'LTP'}
[I 250221 13:11:24 optionchain:121] Live Data: {'subscription_mode': 1, 'exchange_type': 2, 'token': '54591', 'sequence_number': 41921905, 'exchange_timestamp': 1740123684000, 'last_traded_price': 18850, 'subscription_mode_val': 'LTP'}
[I 250221 13:11:26 optionchain:121] Live Data: {'subscription_mode': 1, 'exchange_type': 2, 'token': '54591', 'sequence_number': 41926307, 'exchange_timestamp': 1740123685000, 'last_traded_price': 18850, 'subscription_mode_val': 'LTP'}
[I 250221 13:11:27 optionchain:121] Live Data: {'subscription_mode': 1, 'exchange_type': 2, 'token': '54591', 'sequence_number': 41930776, 'exchange_timestamp': 1740123687000, 'last_traded_price': 18850, 'subscription_mode_val': 'LTP'}
[I 250221 13:11:28 optionchain:121] Live Data: {'subscription_mode': 1, 'exchange_type': 2, 'token': '54591', 'sequence_number': 41934722, 'exchange_timestamp': 1740123688000, 'last_traded_price': 18850, 'subscription_mode_val': 'LTP'}
[I 250221 13:11:30 optionchain:121] Live Data: {'subscription_mode': 1, 'exchange_type': 2, 'token': '54591', 'sequence_number': 41939841, 'exchange_timestamp': 1740123690000, 'last_traded_price': 18850, 'subscription_mode_val': 'LTP'}
[I 250221 13:11:32 optionchain:121] Live Data: {'subscription_mode': 1, 'exchange_type': 2, 'token': '54591', 'sequence_number': 41945070, 'exchange_timestamp': 1740123692000, 'last_traded_price': 18850, 'subscription_mode_val': 'LTP'}
[I 250221 13:11:33 optionchain:121] Live Data: {'subscription_mode': 1, 'exchange_type': 2, 'token': '54591', 'sequence_number': 41949838, 'exchange_timestamp': 1740123693000, 'last_traded_price': 18850, 'subscription_mode_val': 'LTP'}
[I 250221 13:11:35 optionchain:121] Live Data: {'subscription_mode': 1, 'exchange_type': 2, 'token': '54591', 'sequence_number': 41954489, 'exchange_timestamp': 1740123695000, 'last_traded_price': 18850, 'subscription_mode_val': 'LTP'}
[I 250221 13:11:38 optionchain:121] Live Data: {'subscription_mode': 1, 'exchange_type': 2, 'token': '54591', 'sequence_number': 41962337, 'exchange_timestamp': 1740123698000, 'last_traded_price': 18850, 'subscription_mode_val': 'LTP'}
[I 250221 13:11:39 optionchain:121] Live Data: {'subscription_mode': 1, 'exchange_type': 2, 'token': '54591', 'sequence_number': 41966714, 'exchange_timestamp': 1740123699000, 'last_traded_price': 18850, 'subscription_mode_val': 'LTP'}
[I 250221 13:11:41 optionchain:121] Live Data: {'subscription_mode': 1, 'exchange_type': 2, 'token': '54591', 'sequence_number': 41971083, 'exchange_timestamp': 1740123701000, 'last_traded_price': 18850, 'subscription_mode_val': 'LTP'}
[I 250221 13:11:42 optionchain:121] Live Data: {'subscription_mode': 1, 'exchange_type': 2, 'token': '54591', 'sequence_number': 41974778, 'exchange_timestamp': 1740123702000, 'last_traded_price': 18850, 'subscription_mode_val': 'LTP'}
[I 250221 13:11:44 optionchain:121] Live Data: {'subscription_mode': 1, 'exchange_type': 2, 'token': '54591', 'sequence_number': 41978528, 'exchange_timestamp': 1740123704000, 'last_traded_price': 18850, 'subscription_mode_val': 'LTP'}
[I 250221 13:11:45 optionchain:121] Live Data: {'subscription_mode': 1, 'exchange_type': 2, 'token': '54591', 'sequence_number': 41982784, 'exchange_timestamp': 1740123705000, 'last_traded_price': 18850, 'subscription_mode_val': 'LTP'}
[I 250221 13:11:47 optionchain:121] Live Data: {'subscription_mode': 1, 'exchange_type': 2, 'token': '54591', 'sequence_number': 41987776, 'exchange_timestamp': 1740123707000, 'last_traded_price': 18850, 'subscription_mode_val': 'LTP'}
[I 250221 13:11:48 optionchain:121] Live Data: {'subscription_mode': 1, 'exchange_type': 2, 'token': '54591', 'sequence_number': 41991782, 'exchange_timestamp': 1740123708000, 'last_traded_price': 18850, 'subscription_mode_val': 'LTP'}
[I 250221 13:11:50 optionchain:121] Live Data: {'subscription_mode': 1, 'exchange_type': 2, 'token': '54591', 'sequence_number': 41996183, 'exchange_timestamp': 1740123710000, 'last_traded_price': 18850, 'subscription_mode_val': 'LTP'}
[I 250221 13:11:51 optionchain:121] Live Data: {'subscription_mode': 1, 'exchange_type': 2, 'token': '54591', 'sequence_number': 41999493, 'exchange_timestamp': 1740123711000, 'last_traded_price': 18850, 'subscription_mode_val': 'LTP'}
[I 250221 13:11:56 optionchain:121] Live Data: {'subscription_mode': 1, 'exchange_type': 2, 'token': '54591', 'sequence_number': 42013052, 'exchange_timestamp': 1740123716000, 'last_traded_price': 18850, 'subscription_mode_val': 'LTP'}
[I 250221 13:12:01 optionchain:121] Live Data: {'subscription_mode': 1, 'exchange_type': 2, 'token': '54591', 'sequence_number': 42026172, 'exchange_timestamp': 1740123721000, 'last_traded_price': 18850, 'subscription_mode_val': 'LTP'}
[I 250221 13:12:06 optionchain:121] Live Data: {'subscription_mode': 1, 'exchange_type': 2, 'token': '54591', 'sequence_number': 42042252, 'exchange_timestamp': 1740123726000, 'last_traded_price': 18850, 'subscription_mode_val': 'LTP'}
[I 250221 13:12:12 optionchain:121] Live Data: {'subscription_mode': 1, 'exchange_type': 2, 'token': '54591', 'sequence_number': 42056605, 'exchange_timestamp': 1740123732000, 'last_traded_price': 18850, 'subscription_mode_val': 'LTP'}
[I 250221 13:12:16 optionchain:121] Live Data: {'subscription_mode': 1, 'exchange_type': 2, 'token': '54591', 'sequence_number': 42069332, 'exchange_timestamp': 1740123736000, 'last_traded_price': 18850, 'subscription_mode_val': 'LTP'}
[I 250221 13:16:34 optionchain:125] WebSocket Opened. Subscribing to tokens...
[I 250221 13:16:34 optionchain:127] Subscription complete
[I 250221 13:16:34 optionchain:122] Live Data: {'subscription_mode': 1, 'exchange_type': 2, 'token': '54591', 'sequence_number': 42764443, 'exchange_timestamp': 1740123993000, 'last_traded_price': 18850, 'subscription_mode_val': 'LTP'}
[I 250221 13:16:34 optionchain:122] Live Data: {'subscription_mode': 1, 'exchange_type': 2, 'token': '54590', 'sequence_number': 41754359, 'exchange_timestamp': 1740123630000, 'last_traded_price': 0, 'subscription_mode_val': 'LTP'}
[I 250221 13:16:35 optionchain:122] Live Data: {'subscription_mode': 1, 'exchange_type': 2, 'token': '54591', 'sequence_number': 42769043, 'exchange_timestamp': 1740123995000, 'last_traded_price': 18850, 'subscription_mode_val': 'LTP'}
[I 250221 13:16:36 optionchain:122] Live Data: {'subscription_mode': 1, 'exchange_type': 2, 'token': '54591', 'sequence_number': 42772934, 'exchange_timestamp': 1740123996000, 'last_traded_price': 18850, 'subscription_mode_val': 'LTP'}
[I 250221 13:16:39 optionchain:122] Live Data: {'subscription_mode': 1, 'exchange_type': 2, 'token': '54591', 'sequence_number': 42779316, 'exchange_timestamp': 1740123998000, 'last_traded_price': 18850, 'subscription_mode_val': 'LTP'}
[I 250221 13:16:40 optionchain:122] Live Data: {'subscription_mode': 1, 'exchange_type': 2, 'token': '54591', 'sequence_number': 42783470, 'exchange_timestamp': 1740124000000, 'last_traded_price': 18850, 'subscription_mode_val': 'LTP'}
[I 250221 13:16:42 optionchain:122] Live Data: {'subscription_mode': 1, 'exchange_type': 2, 'token': '54591', 'sequence_number': 42787036, 'exchange_timestamp': 1740124001000, 'last_traded_price': 18850, 'subscription_mode_val': 'LTP'}
[I 250221 13:16:44 optionchain:122] Live Data: {'subscription_mode': 1, 'exchange_type': 2, 'token': '54591', 'sequence_number': 42793655, 'exchange_timestamp': 1740124004000, 'last_traded_price': 18850, 'subscription_mode_val': 'LTP'}
[I 250221 13:16:45 optionchain:122] Live Data: {'subscription_mode': 1, 'exchange_type': 2, 'token': '54591', 'sequence_number': 42797229, 'exchange_timestamp': 1740124005000, 'last_traded_price': 18850, 'subscription_mode_val': 'LTP'}
[I 250221 13:16:50 optionchain:122] Live Data: {'subscription_mode': 1, 'exchange_type': 2, 'token': '54591', 'sequence_number': 42808584, 'exchange_timestamp': 1740124010000, 'last_traded_price': 18850, 'subscription_mode_val': 'LTP'}
[I 250221 13:16:51 optionchain:122] Live Data: {'subscription_mode': 1, 'exchange_type': 2, 'token': '54591', 'sequence_number': 42813020, 'exchange_timestamp': 1740124011000, 'last_traded_price': 18850, 'subscription_mode_val': 'LTP'}
[I 250221 13:16:53 optionchain:122] Live Data: {'subscription_mode': 1, 'exchange_type': 2, 'token': '54591', 'sequence_number': 42817984, 'exchange_timestamp': 1740124013000, 'last_traded_price': 18850, 'subscription_mode_val': 'LTP'}
[I 250221 13:16:58 optionchain:122] Live Data: {'subscription_mode': 1, 'exchange_type': 2, 'token': '54591', 'sequence_number': 42832873, 'exchange_timestamp': 1740124018000, 'last_traded_price': 18850, 'subscription_mode_val': 'LTP'}
[I 250221 13:17:04 optionchain:122] Live Data: {'subscription_mode': 1, 'exchange_type': 2, 'token': '54591', 'sequence_number': 42848712, 'exchange_timestamp': 1740124024000, 'last_traded_price': 18850, 'subscription_mode_val': 'LTP'}
[I 250221 13:17:09 optionchain:122] Live Data: {'subscription_mode': 1, 'exchange_type': 2, 'token': '54591', 'sequence_number': 42863279, 'exchange_timestamp': 1740124029000, 'last_traded_price': 18850, 'subscription_mode_val': 'LTP'}
[I 250221 13:17:16 optionchain:122] Live Data: {'subscription_mode': 1, 'exchange_type': 2, 'token': '54591', 'sequence_number': 42882855, 'exchange_timestamp': 1740124036000, 'last_traded_price': 18850, 'subscription_mode_val': 'LTP'}
[I 250221 13:17:22 optionchain:122] Live Data: {'subscription_mode': 1, 'exchange_type': 2, 'token': '54591', 'sequence_number': 42898884, 'exchange_timestamp': 1740124042000, 'last_traded_price': 18850, 'subscription_mode_val': 'LTP'}
[I 250221 13:17:27 optionchain:122] Live Data: {'subscription_mode': 1, 'exchange_type': 2, 'token': '54591', 'sequence_number': 42914077, 'exchange_timestamp': 1740124047000, 'last_traded_price': 18850, 'subscription_mode_val': 'LTP'}
[I 250221 13:17:33 optionchain:122] Live Data: {'subscription_mode': 1, 'exchange_type': 2, 'token': '54591', 'sequence_number': 42930264, 'exchange_timestamp': 1740124053000, 'last_traded_price': 18850, 'subscription_mode_val': 'LTP'}
[I 250221 13:17:38 optionchain:122] Live Data: {'subscription_mode': 1, 'exchange_type': 2, 'token': '54591', 'sequence_number': 42944291, 'exchange_timestamp': 1740124058000, 'last_traded_price': 18850, 'subscription_mode_val': 'LTP'}
[I 250221 13:17:43 optionchain:122] Live Data: {'subscription_mode': 1, 'exchange_type': 2, 'token': '54591', 'sequence_number': 42956980, 'exchange_timestamp': 1740124062000, 'last_traded_price': 18850, 'subscription_mode_val': 'LTP'}
[I 250221 13:18:11 optionchain:125] WebSocket Opened. Subscribing to tokens...
[I 250221 13:18:11 optionchain:127] Subscription complete
[I 250221 13:18:11 optionchain:122] Live Data: {'subscription_mode': 1, 'exchange_type': 2, 'token': '54591', 'sequence_number': 43026113, 'exchange_timestamp': 1740124087000, 'last_traded_price': 18850, 'subscription_mode_val': 'LTP'}
[I 250221 13:18:11 optionchain:122] Live Data: {'subscription_mode': 1, 'exchange_type': 2, 'token': '54590', 'sequence_number': 41754359, 'exchange_timestamp': 1740123630000, 'last_traded_price': 0, 'subscription_mode_val': 'LTP'}
[I 250221 13:18:13 optionchain:122] Live Data: {'subscription_mode': 1, 'exchange_type': 2, 'token': '54591', 'sequence_number': 43040804, 'exchange_timestamp': 1740124092000, 'last_traded_price': 18850, 'subscription_mode_val': 'LTP'}
[I 250221 13:19:04 optionchain:125] WebSocket Opened. Subscribing to tokens...
[I 250221 13:19:04 optionchain:127] Subscription complete
[I 250221 13:20:47 optionchain:125] WebSocket Opened. Subscribing to tokens...
[I 250221 13:20:47 optionchain:127] Subscription complete
[I 250221 13:23:06 optionchain:125] WebSocket Opened. Subscribing to tokens...
[I 250221 13:23:06 optionchain:127] Subscription complete
[I 250221 13:24:50 optionchain:125] WebSocket Opened. Subscribing to tokens...
[I 250221 13:24:50 optionchain:127] Subscription complete
[I 250221 13:36:52 optionchain:125] WebSocket Opened. Subscribing to tokens...
[I 250221 13:36:52 optionchain:127] Subscription complete
[I 250221 13:36:52 optionchain:122] Live Data: {'subscription_mode': 1, 'exchange_type': 2, 'token': '54591', 'sequence_number': 46141369, 'exchange_timestamp': 1740125209000, 'last_traded_price': 18850, 'subscription_mode_val': 'LTP'}
[I 250221 13:36:52 optionchain:122] Live Data: {'subscription_mode': 1, 'exchange_type': 2, 'token': '54590', 'sequence_number': 45869755, 'exchange_timestamp': 1740125110000, 'last_traded_price': 0, 'subscription_mode_val': 'LTP'}
[I 250221 13:36:55 optionchain:122] Live Data: {'subscription_mode': 1, 'exchange_type': 2, 'token': '54591', 'sequence_number': 46158145, 'exchange_timestamp': 1740125215000, 'last_traded_price': 18850, 'subscription_mode_val': 'LTP'}
[I 250221 13:37:02 optionchain:122] Live Data: {'subscription_mode': 1, 'exchange_type': 2, 'token': '54591', 'sequence_number': 46181269, 'exchange_timestamp': 1740125222000, 'last_traded_price': 18850, 'subscription_mode_val': 'LTP'}
[I 250221 13:37:09 optionchain:122] Live Data: {'subscription_mode': 1, 'exchange_type': 2, 'token': '54591', 'sequence_number': 46202495, 'exchange_timestamp': 1740125229000, 'last_traded_price': 18850, 'subscription_mode_val': 'LTP'}
